<?xml version="1.0" encoding="UTF-8"?>
<!-- Generated by org.testng.reporters.JUnitXMLReporter -->
<testsuite ignored="0" hostname="DESKTOP-0OLF8T5" failures="0" tests="3" name="Default test" time="33.097" errors="0" timestamp="31 May 2020 18:32:42 GMT">
  <testcase classname="com.qa.hubspot.tests.HomePageTest" name="verifyHeaderTextTest" time="5.125"/>
  <testcase classname="com.qa.hubspot.tests.HomePageTest" name="verifyLoggedInUserNameTest" time="0.859"/>
  <testcase classname="com.qa.hubspot.tests.HomePageTest" name="verifyPageTileTest" time="0.016"/>
</testsuite> <!-- Default test -->
