<?xml version="1.0" encoding="UTF-8"?>
<testng-results ignored="0" total="3" passed="3" failed="0" skipped="0">
  <reporter-output>
  </reporter-output>
  <suite started-at="2020-05-31T18:32:09Z" name="Default suite" finished-at="2020-05-31T18:32:42Z" duration-ms="33097">
    <groups>
    </groups>
    <test started-at="2020-05-31T18:32:09Z" name="Default test" finished-at="2020-05-31T18:32:42Z" duration-ms="33097">
      <class name="com.qa.hubspot.tests.HomePageTest">
        <test-method is-config="true" signature="setUp()[pri:0, instance:com.qa.hubspot.tests.HomePageTest@4c309d4d]" started-at="2020-05-31T18:32:09Z" name="setUp" finished-at="2020-05-31T18:32:29Z" duration-ms="19452" status="PASS">
          <reporter-output>
          </reporter-output>
        </test-method> <!-- setUp -->
        <test-method signature="verifyHeaderTextTest()[pri:1, instance:com.qa.hubspot.tests.HomePageTest@4c309d4d]" started-at="2020-05-31T18:32:29Z" name="verifyHeaderTextTest" finished-at="2020-05-31T18:32:34Z" duration-ms="5125" status="PASS">
          <reporter-output>
          </reporter-output>
        </test-method> <!-- verifyHeaderTextTest -->
        <test-method signature="verifyLoggedInUserNameTest()[pri:2, instance:com.qa.hubspot.tests.HomePageTest@4c309d4d]" started-at="2020-05-31T18:32:34Z" name="verifyLoggedInUserNameTest" finished-at="2020-05-31T18:32:35Z" duration-ms="859" status="PASS">
          <reporter-output>
          </reporter-output>
        </test-method> <!-- verifyLoggedInUserNameTest -->
        <test-method signature="verifyPageTileTest()[pri:3, instance:com.qa.hubspot.tests.HomePageTest@4c309d4d]" started-at="2020-05-31T18:32:35Z" name="verifyPageTileTest" finished-at="2020-05-31T18:32:35Z" duration-ms="16" status="PASS">
          <reporter-output>
          </reporter-output>
        </test-method> <!-- verifyPageTileTest -->
        <test-method is-config="true" signature="tearDown()[pri:0, instance:com.qa.hubspot.tests.HomePageTest@4c309d4d]" started-at="2020-05-31T18:32:35Z" name="tearDown" finished-at="2020-05-31T18:32:42Z" duration-ms="7598" status="PASS">
          <reporter-output>
          </reporter-output>
        </test-method> <!-- tearDown -->
      </class> <!-- com.qa.hubspot.tests.HomePageTest -->
    </test> <!-- Default test -->
  </suite> <!-- Default suite -->
</testng-results>
